  [1m[35m (8.3ms)[0m  [1m[34mSELECT sqlite_version(*)[0m
  ↳ /Users/omoogun/.rvm/gems/ruby-2.3.3/bin/rake:23
  [1m[35m (3.0ms)[0m  [1m[35mCREATE TABLE "schema_migrations" ("version" varchar NOT NULL PRIMARY KEY)[0m
  ↳ /Users/omoogun/.rvm/gems/ruby-2.3.3/bin/rake:23
  [1m[35m (1.3ms)[0m  [1m[35mCREATE TABLE "ar_internal_metadata" ("key" varchar NOT NULL PRIMARY KEY, "value" varchar, "created_at" datetime NOT NULL, "updated_at" datetime NOT NULL)[0m
  ↳ /Users/omoogun/.rvm/gems/ruby-2.3.3/bin/rake:23
  [1m[35m (0.2ms)[0m  [1m[34mSELECT "schema_migrations"."version" FROM "schema_migrations" ORDER BY "schema_migrations"."version" ASC[0m
  ↳ /Users/omoogun/.rvm/gems/ruby-2.3.3/bin/rake:23
Migrating to CreateUsers (20181109230451)
  [1m[35m (0.1ms)[0m  [1m[36mbegin transaction[0m
  ↳ /Users/omoogun/.rvm/gems/ruby-2.3.3/bin/rake:23
  [1m[35m (0.6ms)[0m  [1m[35mCREATE TABLE "users" ("id" integer PRIMARY KEY AUTOINCREMENT NOT NULL, "name" varchar, "user_cash" integer, "owner_departure" integer, "password" varchar, "created_at" datetime NOT NULL, "updated_at" datetime NOT NULL)[0m
  ↳ db/migrate/20181109230451_create_users.rb:3
  [1m[36mActiveRecord::SchemaMigration Create (0.3ms)[0m  [1m[32mINSERT INTO "schema_migrations" ("version") VALUES (?)[0m  [["version", "20181109230451"]]
  ↳ /Users/omoogun/.rvm/gems/ruby-2.3.3/bin/rake:23
  [1m[35m (1.0ms)[0m  [1m[36mcommit transaction[0m
  ↳ /Users/omoogun/.rvm/gems/ruby-2.3.3/bin/rake:23
Migrating to CreateFlights (20181109230815)
  [1m[35m (0.0ms)[0m  [1m[36mbegin transaction[0m
  ↳ /Users/omoogun/.rvm/gems/ruby-2.3.3/bin/rake:23
  [1m[35m (0.4ms)[0m  [1m[35mCREATE TABLE "flights" ("id" integer PRIMARY KEY AUTOINCREMENT NOT NULL, "inspection" boolean DEFAULT 0, "fuel_cost" integer, "destination" varchar, "flight_departure" integer, "flight_sit" integer, "created_at" datetime NOT NULL, "updated_at" datetime NOT NULL)[0m
  ↳ db/migrate/20181109230815_create_flights.rb:3
  [1m[36mActiveRecord::SchemaMigration Create (0.2ms)[0m  [1m[32mINSERT INTO "schema_migrations" ("version") VALUES (?)[0m  [["version", "20181109230815"]]
  ↳ /Users/omoogun/.rvm/gems/ruby-2.3.3/bin/rake:23
  [1m[35m (1.1ms)[0m  [1m[36mcommit transaction[0m
  ↳ /Users/omoogun/.rvm/gems/ruby-2.3.3/bin/rake:23
Migrating to CreateFlightRides (20181109230939)
  [1m[35m (3.7ms)[0m  [1m[36mbegin transaction[0m
  ↳ /Users/omoogun/.rvm/gems/ruby-2.3.3/bin/rake:23
  [1m[35m (1.7ms)[0m  [1m[35mCREATE TABLE "flight_rides" ("id" integer PRIMARY KEY AUTOINCREMENT NOT NULL, "user_id" integer, "flight_id" integer, "flight_class" varchar, "created_at" datetime NOT NULL, "updated_at" datetime NOT NULL)[0m
  ↳ db/migrate/20181109230939_create_flight_rides.rb:3
  [1m[36mActiveRecord::SchemaMigration Create (0.2ms)[0m  [1m[32mINSERT INTO "schema_migrations" ("version") VALUES (?)[0m  [["version", "20181109230939"]]
  ↳ /Users/omoogun/.rvm/gems/ruby-2.3.3/bin/rake:23
  [1m[35m (1.1ms)[0m  [1m[36mcommit transaction[0m
  ↳ /Users/omoogun/.rvm/gems/ruby-2.3.3/bin/rake:23
  [1m[36mActiveRecord::InternalMetadata Load (0.2ms)[0m  [1m[34mSELECT  "ar_internal_metadata".* FROM "ar_internal_metadata" WHERE "ar_internal_metadata"."key" = ? LIMIT ?[0m  [["key", "environment"], ["LIMIT", 1]]
  ↳ /Users/omoogun/.rvm/gems/ruby-2.3.3/bin/rake:23
  [1m[35m (0.1ms)[0m  [1m[36mbegin transaction[0m
  ↳ /Users/omoogun/.rvm/gems/ruby-2.3.3/bin/rake:23
  [1m[36mActiveRecord::InternalMetadata Create (0.5ms)[0m  [1m[32mINSERT INTO "ar_internal_metadata" ("key", "value", "created_at", "updated_at") VALUES (?, ?, ?, ?)[0m  [["key", "environment"], ["value", "development"], ["created_at", "2018-11-12 22:22:21.001951"], ["updated_at", "2018-11-12 22:22:21.001951"]]
  ↳ /Users/omoogun/.rvm/gems/ruby-2.3.3/bin/rake:23
  [1m[35m (1.2ms)[0m  [1m[36mcommit transaction[0m
  ↳ /Users/omoogun/.rvm/gems/ruby-2.3.3/bin/rake:23
  [1m[35m (0.1ms)[0m  [1m[34mSELECT "schema_migrations"."version" FROM "schema_migrations" ORDER BY "schema_migrations"."version" ASC[0m
  ↳ /Users/omoogun/.rvm/gems/ruby-2.3.3/bin/rake:23
Started POST "/users" for 127.0.0.1 at 2018-11-12 17:23:24 -0500
  [1m[35m (0.1ms)[0m  [1m[34mSELECT "schema_migrations"."version" FROM "schema_migrations" ORDER BY "schema_migrations"."version" ASC[0m
  ↳ /Users/omoogun/.rvm/gems/ruby-2.3.3/gems/activerecord-5.2.1/lib/active_record/log_subscriber.rb:98
Processing by UsersController#create as HTML
  Parameters: {"utf8"=>"✓", "authenticity_token"=>"e27oEQCjtZh0FE/Z53Cf+TjzWJ4hm92P0qBy2PdEqAQn6/Z3IyK2hvfLTuRVQ2yHj7QltN1lS6d5XxYmKZ6IaA==", "user"=>{"name"=>"john", "user_cash"=>"200", "owner_departure"=>"9am", "password"=>"[FILTERED]"}, "commit"=>"Create User"}
Completed 500 Internal Server Error in 34183ms (ActiveRecord: 0.7ms)


  
NoMethodError (undefined method `password_digest=' for #<User:0x007fb48fd250f0>
Did you mean?  password=):
  
app/controllers/users_controller.rb:10:in `create'
  [1m[35m (0.2ms)[0m  [1m[34mSELECT sqlite_version(*)[0m
  ↳ /Users/omoogun/.rvm/gems/ruby-2.3.3/bin/rake:23
  [1m[35m (10.2ms)[0m  [1m[35mCREATE TABLE "schema_migrations" ("version" varchar NOT NULL PRIMARY KEY)[0m
  ↳ /Users/omoogun/.rvm/gems/ruby-2.3.3/bin/rake:23
  [1m[35m (1.7ms)[0m  [1m[35mCREATE TABLE "ar_internal_metadata" ("key" varchar NOT NULL PRIMARY KEY, "value" varchar, "created_at" datetime NOT NULL, "updated_at" datetime NOT NULL)[0m
  ↳ /Users/omoogun/.rvm/gems/ruby-2.3.3/bin/rake:23
  [1m[35m (0.2ms)[0m  [1m[34mSELECT "schema_migrations"."version" FROM "schema_migrations" ORDER BY "schema_migrations"."version" ASC[0m
  ↳ /Users/omoogun/.rvm/gems/ruby-2.3.3/bin/rake:23
Migrating to CreateUsers (20181109230451)
  [1m[35m (0.1ms)[0m  [1m[36mbegin transaction[0m
  ↳ /Users/omoogun/.rvm/gems/ruby-2.3.3/bin/rake:23
  [1m[35m (0.9ms)[0m  [1m[35mCREATE TABLE "users" ("id" integer PRIMARY KEY AUTOINCREMENT NOT NULL, "name" varchar, "user_cash" integer, "owner_departure" integer, "password_digest" varchar, "created_at" datetime NOT NULL, "updated_at" datetime NOT NULL)[0m
  ↳ db/migrate/20181109230451_create_users.rb:3
  [1m[36mActiveRecord::SchemaMigration Create (0.2ms)[0m  [1m[32mINSERT INTO "schema_migrations" ("version") VALUES (?)[0m  [["version", "20181109230451"]]
  ↳ /Users/omoogun/.rvm/gems/ruby-2.3.3/bin/rake:23
  [1m[35m (1.0ms)[0m  [1m[36mcommit transaction[0m
  ↳ /Users/omoogun/.rvm/gems/ruby-2.3.3/bin/rake:23
Migrating to CreateFlights (20181109230815)
  [1m[35m (0.1ms)[0m  [1m[36mbegin transaction[0m
  ↳ /Users/omoogun/.rvm/gems/ruby-2.3.3/bin/rake:23
  [1m[35m (0.8ms)[0m  [1m[35mCREATE TABLE "flights" ("id" integer PRIMARY KEY AUTOINCREMENT NOT NULL, "inspection" boolean DEFAULT 0, "fuel_cost" integer, "destination" varchar, "flight_departure" integer, "flight_sit" integer, "created_at" datetime NOT NULL, "updated_at" datetime NOT NULL)[0m
  ↳ db/migrate/20181109230815_create_flights.rb:3
  [1m[36mActiveRecord::SchemaMigration Create (0.4ms)[0m  [1m[32mINSERT INTO "schema_migrations" ("version") VALUES (?)[0m  [["version", "20181109230815"]]
  ↳ /Users/omoogun/.rvm/gems/ruby-2.3.3/bin/rake:23
  [1m[35m (1.1ms)[0m  [1m[36mcommit transaction[0m
  ↳ /Users/omoogun/.rvm/gems/ruby-2.3.3/bin/rake:23
Migrating to CreateFlightRides (20181109230939)
  [1m[35m (0.1ms)[0m  [1m[36mbegin transaction[0m
  ↳ /Users/omoogun/.rvm/gems/ruby-2.3.3/bin/rake:23
  [1m[35m (5.3ms)[0m  [1m[35mCREATE TABLE "flight_rides" ("id" integer PRIMARY KEY AUTOINCREMENT NOT NULL, "user_id" integer, "flight_id" integer, "flight_class" varchar, "created_at" datetime NOT NULL, "updated_at" datetime NOT NULL)[0m
  ↳ db/migrate/20181109230939_create_flight_rides.rb:3
  [1m[36mActiveRecord::SchemaMigration Create (0.4ms)[0m  [1m[32mINSERT INTO "schema_migrations" ("version") VALUES (?)[0m  [["version", "20181109230939"]]
  ↳ /Users/omoogun/.rvm/gems/ruby-2.3.3/bin/rake:23
  [1m[35m (1.4ms)[0m  [1m[36mcommit transaction[0m
  ↳ /Users/omoogun/.rvm/gems/ruby-2.3.3/bin/rake:23
  [1m[36mActiveRecord::InternalMetadata Load (0.9ms)[0m  [1m[34mSELECT  "ar_internal_metadata".* FROM "ar_internal_metadata" WHERE "ar_internal_metadata"."key" = ? LIMIT ?[0m  [["key", "environment"], ["LIMIT", 1]]
  ↳ /Users/omoogun/.rvm/gems/ruby-2.3.3/bin/rake:23
  [1m[35m (0.1ms)[0m  [1m[36mbegin transaction[0m
  ↳ /Users/omoogun/.rvm/gems/ruby-2.3.3/bin/rake:23
  [1m[36mActiveRecord::InternalMetadata Create (0.6ms)[0m  [1m[32mINSERT INTO "ar_internal_metadata" ("key", "value", "created_at", "updated_at") VALUES (?, ?, ?, ?)[0m  [["key", "environment"], ["value", "development"], ["created_at", "2018-11-12 22:27:42.996062"], ["updated_at", "2018-11-12 22:27:42.996062"]]
  ↳ /Users/omoogun/.rvm/gems/ruby-2.3.3/bin/rake:23
  [1m[35m (1.6ms)[0m  [1m[36mcommit transaction[0m
  ↳ /Users/omoogun/.rvm/gems/ruby-2.3.3/bin/rake:23
  [1m[35m (0.4ms)[0m  [1m[34mSELECT "schema_migrations"."version" FROM "schema_migrations" ORDER BY "schema_migrations"."version" ASC[0m
  ↳ /Users/omoogun/.rvm/gems/ruby-2.3.3/bin/rake:23
Started POST "/users" for 127.0.0.1 at 2018-11-12 17:28:10 -0500
  [1m[35m (0.1ms)[0m  [1m[34mSELECT "schema_migrations"."version" FROM "schema_migrations" ORDER BY "schema_migrations"."version" ASC[0m
  ↳ /Users/omoogun/.rvm/gems/ruby-2.3.3/gems/activerecord-5.2.1/lib/active_record/log_subscriber.rb:98
Processing by UsersController#create as HTML
  Parameters: {"utf8"=>"✓", "authenticity_token"=>"e27oEQCjtZh0FE/Z53Cf+TjzWJ4hm92P0qBy2PdEqAQn6/Z3IyK2hvfLTuRVQ2yHj7QltN1lS6d5XxYmKZ6IaA==", "user"=>{"name"=>"john", "user_cash"=>"200", "owner_departure"=>"9am", "password"=>"[FILTERED]"}, "commit"=>"Create User"}
  [1m[35m (0.1ms)[0m  [1m[36mbegin transaction[0m
  ↳ app/controllers/users_controller.rb:12
  [1m[36mUser Create (0.6ms)[0m  [1m[32mINSERT INTO "users" ("name", "user_cash", "owner_departure", "password_digest", "created_at", "updated_at") VALUES (?, ?, ?, ?, ?, ?)[0m  [["name", "john"], ["user_cash", 200], ["owner_departure", 9], ["password_digest", "$2a$10$OREF25cA7w5qQ.dFjpL.AOG4av10SXtePQ8o8jorDFYt7OBQLKFzC"], ["created_at", "2018-11-12 22:28:36.574561"], ["updated_at", "2018-11-12 22:28:36.574561"]]
  ↳ app/controllers/users_controller.rb:12
  [1m[35m (8.9ms)[0m  [1m[36mcommit transaction[0m
  ↳ app/controllers/users_controller.rb:12
Redirected to http://localhost:3000/users/1
Completed 302 Found in 25545ms (ActiveRecord: 10.4ms)


Started GET "/users/1" for 127.0.0.1 at 2018-11-12 17:28:36 -0500
Processing by UsersController#show as HTML
  Parameters: {"id"=>"1"}
  [1m[36mUser Load (0.4ms)[0m  [1m[34mSELECT  "users".* FROM "users" WHERE "users"."id" = ? LIMIT ?[0m  [["id", 1], ["LIMIT", 1]]
  ↳ app/controllers/application_controller.rb:26
Completed 500 Internal Server Error in 149ms (ActiveRecord: 1.5ms)


  
NoMethodError (undefined method `required_logged_in' for #<UsersController:0x007fbe0133a6a0>
Did you mean?  require_logged_in):
  
activesupport (5.2.1) lib/active_support/callbacks.rb:426:in `block in make_lambda'
activesupport (5.2.1) lib/active_support/callbacks.rb:179:in `block (2 levels) in halting_and_conditional'
actionpack (5.2.1) lib/abstract_controller/callbacks.rb:34:in `block (2 levels) in <module:Callbacks>'
activesupport (5.2.1) lib/active_support/callbacks.rb:180:in `block in halting_and_conditional'
activesupport (5.2.1) lib/active_support/callbacks.rb:513:in `block in invoke_before'
activesupport (5.2.1) lib/active_support/callbacks.rb:513:in `each'
activesupport (5.2.1) lib/active_support/callbacks.rb:513:in `invoke_before'
activesupport (5.2.1) lib/active_support/callbacks.rb:131:in `run_callbacks'
actionpack (5.2.1) lib/abstract_controller/callbacks.rb:41:in `process_action'
actionpack (5.2.1) lib/action_controller/metal/rescue.rb:22:in `process_action'
actionpack (5.2.1) lib/action_controller/metal/instrumentation.rb:34:in `block in process_action'
activesupport (5.2.1) lib/active_support/notifications.rb:168:in `block in instrument'
activesupport (5.2.1) lib/active_support/notifications/instrumenter.rb:23:in `instrument'
activesupport (5.2.1) lib/active_support/notifications.rb:168:in `instrument'
actionpack (5.2.1) lib/action_controller/metal/instrumentation.rb:32:in `process_action'
actionpack (5.2.1) lib/action_controller/metal/params_wrapper.rb:256:in `process_action'
activerecord (5.2.1) lib/active_record/railties/controller_runtime.rb:24:in `process_action'
actionpack (5.2.1) lib/abstract_controller/base.rb:134:in `process'
actionview (5.2.1) lib/action_view/rendering.rb:32:in `process'
actionpack (5.2.1) lib/action_controller/metal.rb:191:in `dispatch'
actionpack (5.2.1) lib/action_controller/metal.rb:252:in `dispatch'
actionpack (5.2.1) lib/action_dispatch/routing/route_set.rb:52:in `dispatch'
actionpack (5.2.1) lib/action_dispatch/routing/route_set.rb:34:in `serve'
actionpack (5.2.1) lib/action_dispatch/journey/router.rb:52:in `block in serve'
actionpack (5.2.1) lib/action_dispatch/journey/router.rb:35:in `each'
actionpack (5.2.1) lib/action_dispatch/journey/router.rb:35:in `serve'
actionpack (5.2.1) lib/action_dispatch/routing/route_set.rb:840:in `call'
rack (2.0.6) lib/rack/tempfile_reaper.rb:15:in `call'
rack (2.0.6) lib/rack/etag.rb:25:in `call'
rack (2.0.6) lib/rack/conditional_get.rb:25:in `call'
rack (2.0.6) lib/rack/head.rb:12:in `call'
actionpack (5.2.1) lib/action_dispatch/http/content_security_policy.rb:18:in `call'
rack (2.0.6) lib/rack/session/abstract/id.rb:232:in `context'
rack (2.0.6) lib/rack/session/abstract/id.rb:226:in `call'
actionpack (5.2.1) lib/action_dispatch/middleware/cookies.rb:670:in `call'
activerecord (5.2.1) lib/active_record/migration.rb:559:in `call'
actionpack (5.2.1) lib/action_dispatch/middleware/callbacks.rb:28:in `block in call'
activesupport (5.2.1) lib/active_support/callbacks.rb:98:in `run_callbacks'
actionpack (5.2.1) lib/action_dispatch/middleware/callbacks.rb:26:in `call'
actionpack (5.2.1) lib/action_dispatch/middleware/executor.rb:14:in `call'
actionpack (5.2.1) lib/action_dispatch/middleware/debug_exceptions.rb:61:in `call'
web-console (3.7.0) lib/web_console/middleware.rb:135:in `call_app'
web-console (3.7.0) lib/web_console/middleware.rb:30:in `block in call'
web-console (3.7.0) lib/web_console/middleware.rb:20:in `catch'
web-console (3.7.0) lib/web_console/middleware.rb:20:in `call'
actionpack (5.2.1) lib/action_dispatch/middleware/show_exceptions.rb:33:in `call'
railties (5.2.1) lib/rails/rack/logger.rb:38:in `call_app'
railties (5.2.1) lib/rails/rack/logger.rb:26:in `block in call'
activesupport (5.2.1) lib/active_support/tagged_logging.rb:71:in `block in tagged'
activesupport (5.2.1) lib/active_support/tagged_logging.rb:28:in `tagged'
activesupport (5.2.1) lib/active_support/tagged_logging.rb:71:in `tagged'
railties (5.2.1) lib/rails/rack/logger.rb:26:in `call'
sprockets-rails (3.2.1) lib/sprockets/rails/quiet_assets.rb:13:in `call'
actionpack (5.2.1) lib/action_dispatch/middleware/remote_ip.rb:81:in `call'
actionpack (5.2.1) lib/action_dispatch/middleware/request_id.rb:27:in `call'
rack (2.0.6) lib/rack/method_override.rb:22:in `call'
rack (2.0.6) lib/rack/runtime.rb:22:in `call'
activesupport (5.2.1) lib/active_support/cache/strategy/local_cache_middleware.rb:29:in `call'
actionpack (5.2.1) lib/action_dispatch/middleware/executor.rb:14:in `call'
actionpack (5.2.1) lib/action_dispatch/middleware/static.rb:127:in `call'
rack (2.0.6) lib/rack/sendfile.rb:111:in `call'
railties (5.2.1) lib/rails/engine.rb:524:in `call'
puma (3.12.0) lib/puma/configuration.rb:225:in `call'
puma (3.12.0) lib/puma/server.rb:658:in `handle_request'
puma (3.12.0) lib/puma/server.rb:472:in `process_client'
puma (3.12.0) lib/puma/server.rb:332:in `block in run'
puma (3.12.0) lib/puma/thread_pool.rb:133:in `block in spawn_thread'
Started GET "/users/1" for 127.0.0.1 at 2018-11-12 17:29:36 -0500
Processing by UsersController#show as HTML
  Parameters: {"id"=>"1"}
  [1m[36mUser Load (0.1ms)[0m  [1m[34mSELECT  "users".* FROM "users" WHERE "users"."id" = ? LIMIT ?[0m  [["id", 1], ["LIMIT", 1]]
  ↳ app/controllers/application_controller.rb:26
  [1m[36mUser Load (0.1ms)[0m  [1m[34mSELECT  "users".* FROM "users" WHERE "users"."id" = ? LIMIT ?[0m  [["id", 1], ["LIMIT", 1]]
  ↳ app/controllers/users_controller.rb:25
Completed 500 Internal Server Error in 16ms (ActiveRecord: 0.9ms)


  
ActionView::MissingTemplate (Missing template users/show with {:locale=>[:en], :formats=>[:html], :variants=>[], :handlers=>[:raw, :erb, :html, :builder, :ruby, :coffee, :jbuilder]}. Searched in:
  * "/Users/omoogun/Desktop/Flaitron_Dev/rails-class/Jet-Rails-Project-/app/views"
):
  
app/controllers/users_controller.rb:26:in `show'
Started GET "/users/1" for 127.0.0.1 at 2018-11-12 17:32:44 -0500
Processing by UsersController#show as HTML
  Parameters: {"id"=>"1"}
  [1m[36mUser Load (0.2ms)[0m  [1m[34mSELECT  "users".* FROM "users" WHERE "users"."id" = ? LIMIT ?[0m  [["id", 1], ["LIMIT", 1]]
  ↳ app/controllers/application_controller.rb:26
  [1m[36mUser Load (0.2ms)[0m  [1m[34mSELECT  "users".* FROM "users" WHERE "users"."id" = ? LIMIT ?[0m  [["id", 1], ["LIMIT", 1]]
  ↳ app/controllers/users_controller.rb:25
  Rendering users/show.html.erb within layouts/application
  Rendered users/show.html.erb within layouts/application (1.9ms)
Completed 500 Internal Server Error in 17ms (ActiveRecord: 0.4ms)


  
SyntaxError (/Users/omoogun/Desktop/Flaitron_Dev/rails-class/Jet-Rails-Project-/app/views/users/show.html.erb:18: syntax error, unexpected '<'
  <br>
   ^
/Users/omoogun/Desktop/Flaitron_Dev/rails-class/Jet-Rails-Project-/app/views/users/show.html.erb:20: unterminated regexp meets end of file):
  
app/views/users/show.html.erb:18: syntax error, unexpected '<'
app/views/users/show.html.erb:20: unterminated regexp meets end of file
app/controllers/users_controller.rb:26:in `show'
Started GET "/users/1" for 127.0.0.1 at 2018-11-12 17:33:21 -0500
Processing by UsersController#show as HTML
  Parameters: {"id"=>"1"}
  [1m[36mUser Load (0.2ms)[0m  [1m[34mSELECT  "users".* FROM "users" WHERE "users"."id" = ? LIMIT ?[0m  [["id", 1], ["LIMIT", 1]]
  ↳ app/controllers/application_controller.rb:26
  [1m[36mUser Load (0.1ms)[0m  [1m[34mSELECT  "users".* FROM "users" WHERE "users"."id" = ? LIMIT ?[0m  [["id", 1], ["LIMIT", 1]]
  ↳ app/controllers/users_controller.rb:25
  Rendering users/show.html.erb within layouts/application
  Rendered users/show.html.erb within layouts/application (2.2ms)
Completed 500 Internal Server Error in 16ms (ActiveRecord: 0.3ms)


  
SyntaxError (/Users/omoogun/Desktop/Flaitron_Dev/rails-class/Jet-Rails-Project-/app/views/users/show.html.erb:18: syntax error, unexpected '<'
  <br>
   ^
/Users/omoogun/Desktop/Flaitron_Dev/rails-class/Jet-Rails-Project-/app/views/users/show.html.erb:20: unterminated regexp meets end of file):
  
app/views/users/show.html.erb:18: syntax error, unexpected '<'
app/views/users/show.html.erb:20: unterminated regexp meets end of file
app/controllers/users_controller.rb:26:in `show'
Started GET "/users/1" for 127.0.0.1 at 2018-11-12 17:33:55 -0500
Processing by UsersController#show as HTML
  Parameters: {"id"=>"1"}
  [1m[36mUser Load (0.1ms)[0m  [1m[34mSELECT  "users".* FROM "users" WHERE "users"."id" = ? LIMIT ?[0m  [["id", 1], ["LIMIT", 1]]
  ↳ app/controllers/application_controller.rb:26
  [1m[36mUser Load (0.1ms)[0m  [1m[34mSELECT  "users".* FROM "users" WHERE "users"."id" = ? LIMIT ?[0m  [["id", 1], ["LIMIT", 1]]
  ↳ app/controllers/users_controller.rb:25
  Rendering users/show.html.erb within layouts/application
  Rendered users/show.html.erb within layouts/application (9.3ms)
Completed 500 Internal Server Error in 18ms (ActiveRecord: 0.2ms)


  
ActionView::Template::Error (undefined method `user' for #<User:0x007fbe0688a948>):
    3:     
    4:           User: <%= @user.name %><br>
    5: 
    6:           Cash: <%= @user.user.cash %><br>
    7: 
    8:           Departure: <%= @user.owner_departure %><br>
    9: 
  
app/views/users/show.html.erb:6:in `_app_views_users_show_html_erb__1967244865407669771_70227065063240'
app/controllers/users_controller.rb:26:in `show'
Started GET "/users/1" for 127.0.0.1 at 2018-11-12 17:34:44 -0500
Processing by UsersController#show as HTML
  Parameters: {"id"=>"1"}
  [1m[36mUser Load (0.1ms)[0m  [1m[34mSELECT  "users".* FROM "users" WHERE "users"."id" = ? LIMIT ?[0m  [["id", 1], ["LIMIT", 1]]
  ↳ app/controllers/application_controller.rb:26
  [1m[36mUser Load (0.1ms)[0m  [1m[34mSELECT  "users".* FROM "users" WHERE "users"."id" = ? LIMIT ?[0m  [["id", 1], ["LIMIT", 1]]
  ↳ app/controllers/users_controller.rb:25
  Rendering users/show.html.erb within layouts/application
  Rendered users/show.html.erb within layouts/application (0.7ms)
Completed 200 OK in 264ms (Views: 262.4ms | ActiveRecord: 0.2ms)


Started GET "/users/1" for 127.0.0.1 at 2018-11-12 17:35:16 -0500
Processing by UsersController#show as HTML
  Parameters: {"id"=>"1"}
  [1m[36mUser Load (0.1ms)[0m  [1m[34mSELECT  "users".* FROM "users" WHERE "users"."id" = ? LIMIT ?[0m  [["id", 1], ["LIMIT", 1]]
  ↳ app/controllers/application_controller.rb:26
  [1m[36mUser Load (0.1ms)[0m  [1m[34mSELECT  "users".* FROM "users" WHERE "users"."id" = ? LIMIT ?[0m  [["id", 1], ["LIMIT", 1]]
  ↳ app/controllers/users_controller.rb:25
  Rendering users/show.html.erb within layouts/application
  Rendered users/show.html.erb within layouts/application (333.8ms)
Completed 500 Internal Server Error in 344ms (ActiveRecord: 0.2ms)


  
ActionView::Template::Error (undefined local variable or method `logout_path' for #<#<Class:0x007fbe05c92a50>:0x007fbe02d2fd80>
Did you mean?  root_path):
    13:         # <div# class="notice"><%= flash[:notice] %></div>
    14:         <%# end %>
    15: 
    16:       <%=link_to "Log Out", logout_path, :method => :delete %>
    17: 
    18:   <br>
    19:       #<h2><%#= #link_to "See attractions", attractions_path %></h2>
  
app/views/users/show.html.erb:16:in `_app_views_users_show_html_erb__1967244865407669771_70227033944760'
app/controllers/users_controller.rb:26:in `show'
Started GET "/users/1" for 127.0.0.1 at 2018-11-12 17:37:21 -0500
Processing by UsersController#show as HTML
  Parameters: {"id"=>"1"}
  [1m[36mUser Load (0.2ms)[0m  [1m[34mSELECT  "users".* FROM "users" WHERE "users"."id" = ? LIMIT ?[0m  [["id", 1], ["LIMIT", 1]]
  ↳ app/controllers/application_controller.rb:26
  [1m[36mUser Load (0.1ms)[0m  [1m[34mSELECT  "users".* FROM "users" WHERE "users"."id" = ? LIMIT ?[0m  [["id", 1], ["LIMIT", 1]]
  ↳ app/controllers/users_controller.rb:25
  Rendering users/show.html.erb within layouts/application
  Rendered users/show.html.erb within layouts/application (0.8ms)
Completed 200 OK in 33ms (Views: 20.4ms | ActiveRecord: 0.9ms)


Started DELETE "/logout" for 127.0.0.1 at 2018-11-12 17:37:26 -0500
  
ActionController::RoutingError (uninitialized constant SessionsController):
  
bootsnap (1.3.1) lib/bootsnap/load_path_cache/core_ext/active_support.rb:53:in `block in load_missing_constant'
bootsnap (1.3.1) lib/bootsnap/load_path_cache/core_ext/active_support.rb:8:in `without_bootsnap_cache'
bootsnap (1.3.1) lib/bootsnap/load_path_cache/core_ext/active_support.rb:53:in `rescue in load_missing_constant'
bootsnap (1.3.1) lib/bootsnap/load_path_cache/core_ext/active_support.rb:43:in `load_missing_constant'
activesupport (5.2.1) lib/active_support/inflector/methods.rb:283:in `const_get'
activesupport (5.2.1) lib/active_support/inflector/methods.rb:283:in `block in constantize'
activesupport (5.2.1) lib/active_support/inflector/methods.rb:281:in `each'
activesupport (5.2.1) lib/active_support/inflector/methods.rb:281:in `inject'
activesupport (5.2.1) lib/active_support/inflector/methods.rb:281:in `constantize'
actionpack (5.2.1) lib/action_dispatch/http/request.rb:88:in `controller_class_for'
actionpack (5.2.1) lib/action_dispatch/http/request.rb:81:in `controller_class'
actionpack (5.2.1) lib/action_dispatch/routing/route_set.rb:46:in `controller'
actionpack (5.2.1) lib/action_dispatch/routing/route_set.rb:32:in `serve'
actionpack (5.2.1) lib/action_dispatch/journey/router.rb:52:in `block in serve'
actionpack (5.2.1) lib/action_dispatch/journey/router.rb:35:in `each'
actionpack (5.2.1) lib/action_dispatch/journey/router.rb:35:in `serve'
actionpack (5.2.1) lib/action_dispatch/routing/route_set.rb:840:in `call'
rack (2.0.6) lib/rack/tempfile_reaper.rb:15:in `call'
rack (2.0.6) lib/rack/etag.rb:25:in `call'
rack (2.0.6) lib/rack/conditional_get.rb:38:in `call'
rack (2.0.6) lib/rack/head.rb:12:in `call'
actionpack (5.2.1) lib/action_dispatch/http/content_security_policy.rb:18:in `call'
rack (2.0.6) lib/rack/session/abstract/id.rb:232:in `context'
rack (2.0.6) lib/rack/session/abstract/id.rb:226:in `call'
actionpack (5.2.1) lib/action_dispatch/middleware/cookies.rb:670:in `call'
activerecord (5.2.1) lib/active_record/migration.rb:559:in `call'
actionpack (5.2.1) lib/action_dispatch/middleware/callbacks.rb:28:in `block in call'
activesupport (5.2.1) lib/active_support/callbacks.rb:98:in `run_callbacks'
actionpack (5.2.1) lib/action_dispatch/middleware/callbacks.rb:26:in `call'
actionpack (5.2.1) lib/action_dispatch/middleware/executor.rb:14:in `call'
actionpack (5.2.1) lib/action_dispatch/middleware/debug_exceptions.rb:61:in `call'
web-console (3.7.0) lib/web_console/middleware.rb:135:in `call_app'
web-console (3.7.0) lib/web_console/middleware.rb:30:in `block in call'
web-console (3.7.0) lib/web_console/middleware.rb:20:in `catch'
web-console (3.7.0) lib/web_console/middleware.rb:20:in `call'
actionpack (5.2.1) lib/action_dispatch/middleware/show_exceptions.rb:33:in `call'
railties (5.2.1) lib/rails/rack/logger.rb:38:in `call_app'
railties (5.2.1) lib/rails/rack/logger.rb:26:in `block in call'
activesupport (5.2.1) lib/active_support/tagged_logging.rb:71:in `block in tagged'
activesupport (5.2.1) lib/active_support/tagged_logging.rb:28:in `tagged'
activesupport (5.2.1) lib/active_support/tagged_logging.rb:71:in `tagged'
railties (5.2.1) lib/rails/rack/logger.rb:26:in `call'
sprockets-rails (3.2.1) lib/sprockets/rails/quiet_assets.rb:13:in `call'
actionpack (5.2.1) lib/action_dispatch/middleware/remote_ip.rb:81:in `call'
actionpack (5.2.1) lib/action_dispatch/middleware/request_id.rb:27:in `call'
rack (2.0.6) lib/rack/method_override.rb:22:in `call'
rack (2.0.6) lib/rack/runtime.rb:22:in `call'
activesupport (5.2.1) lib/active_support/cache/strategy/local_cache_middleware.rb:29:in `call'
actionpack (5.2.1) lib/action_dispatch/middleware/executor.rb:14:in `call'
actionpack (5.2.1) lib/action_dispatch/middleware/static.rb:127:in `call'
rack (2.0.6) lib/rack/sendfile.rb:111:in `call'
railties (5.2.1) lib/rails/engine.rb:524:in `call'
puma (3.12.0) lib/puma/configuration.rb:225:in `call'
puma (3.12.0) lib/puma/server.rb:658:in `handle_request'
puma (3.12.0) lib/puma/server.rb:472:in `process_client'
puma (3.12.0) lib/puma/server.rb:332:in `block in run'
puma (3.12.0) lib/puma/thread_pool.rb:133:in `block in spawn_thread'
Started DELETE "/logout" for 127.0.0.1 at 2018-11-12 17:41:59 -0500
Processing by SessionsController#destroy as HTML
  Parameters: {"authenticity_token"=>"dlh7pVFViTE0mJjraH9x1gjpoQ2z092nm4SeZx1qpB8q3WXDctSKL7dHmdbaTIKov67cJ08tS48we/qZw7CEcw=="}
  [1m[36mUser Load (0.1ms)[0m  [1m[34mSELECT  "users".* FROM "users" WHERE "users"."id" = ? LIMIT ?[0m  [["id", 1], ["LIMIT", 1]]
  ↳ app/controllers/application_controller.rb:26
Completed 500 Internal Server Error in 187ms (ActiveRecord: 0.8ms)


  
NameError (undefined local variable or method `root_path' for #<SessionsController:0x007fbe068f0568>
Did you mean?  logout_path):
  
app/controllers/sessions_controller.rb:20:in `destroy'
Started DELETE "/logout" for 127.0.0.1 at 2018-11-12 17:45:22 -0500
Processing by SessionsController#destroy as HTML
  Parameters: {"authenticity_token"=>"dlh7pVFViTE0mJjraH9x1gjpoQ2z092nm4SeZx1qpB8q3WXDctSKL7dHmdbaTIKov67cJ08tS48we/qZw7CEcw=="}
  [1m[36mUser Load (0.3ms)[0m  [1m[34mSELECT  "users".* FROM "users" WHERE "users"."id" = ? LIMIT ?[0m  [["id", 1], ["LIMIT", 1]]
  ↳ app/controllers/application_controller.rb:26
Redirected to http://localhost:3000/
Completed 302 Found in 19ms (ActiveRecord: 1.9ms)


Started GET "/" for 127.0.0.1 at 2018-11-12 17:45:22 -0500
Processing by UsersController#new as HTML
  Rendering users/new.html.erb within layouts/application
  Rendered users/new.html.erb within layouts/application (12.9ms)
Completed 200 OK in 145ms (Views: 141.0ms | ActiveRecord: 0.0ms)


